<?xml version="1.0" encoding="UTF-8"?>
<testng-results skipped="0" failed="0" ignored="0" total="1" passed="1">
  <reporter-output>
  </reporter-output>
  <suite name="Default suite" duration-ms="1380" started-at="2023-02-06T22:14:27 IST" finished-at="2023-02-06T22:14:28 IST">
    <groups>
    </groups>
    <test name="Default test" duration-ms="1380" started-at="2023-02-06T22:14:27 IST" finished-at="2023-02-06T22:14:28 IST">
      <class name="com.selenium.jdbc.LoginTest">
        <test-method status="PASS" signature="getDBValues()[pri:0, instance:com.selenium.jdbc.LoginTest@1f57539]" name="getDBValues" duration-ms="1314" started-at="2023-02-06T22:14:27 IST" finished-at="2023-02-06T22:14:28 IST">
          <reporter-output>
          </reporter-output>
        </test-method> <!-- getDBValues -->
      </class> <!-- com.selenium.jdbc.LoginTest -->
    </test> <!-- Default test -->
  </suite> <!-- Default suite -->
</testng-results>
